[20:32:01.618][info] [#0:/home/stanoira/.local/share/nvim/lsp_servers/sumneko_lua/extension/server/main.lua:65]: Lua Lsp startup, root: 	/home/stanoira/.local/share/nvim/lsp_servers/sumneko_lua/extension/server
[20:32:01.618][info] [#0:/home/stanoira/.local/share/nvim/lsp_servers/sumneko_lua/extension/server/main.lua:66]: ROOT:	/home/stanoira/.local/share/nvim/lsp_servers/sumneko_lua/extension/server
[20:32:01.618][info] [#0:/home/stanoira/.local/share/nvim/lsp_servers/sumneko_lua/extension/server/main.lua:67]: LOGPATH:	/home/stanoira/.local/share/nvim/lsp_servers/sumneko_lua/extension/server/log
[20:32:01.618][info] [#0:/home/stanoira/.local/share/nvim/lsp_servers/sumneko_lua/extension/server/main.lua:68]: METAPATH:	/home/stanoira/.local/share/nvim/lsp_servers/sumneko_lua/extension/server/meta
[20:32:01.618][info] [#0:/home/stanoira/.local/share/nvim/lsp_servers/sumneko_lua/extension/server/main.lua:69]: VERSION:	3.4.2
[20:32:01.633][info] [#0:script/service/service.lua:141]: 
========= Medical Examination Report =========
    --------------- Memory ---------------
        Total: 1.520 MB
        # 00 : 1.520 MB
        # 01 : 0.000 MB
        # 02 : 0.000 MB
        # 03 : 0.000 MB
        # 04 : 0.000 MB
    --------------- Coroutine ---------------
        Total:     0
        Running:   0
        Suspended: 0
        Normal:    0
        Dead:      0
    --------------- Cache ---------------
        Total: 1
        Dead:  0
    ---------------  RPC  ---------------
        Holdon:   0
        Waiting:  0
==============================================
[20:32:01.736][info] [#0:script/language.lua:137]: VSC language: nil
[20:32:01.736][info] [#0:script/language.lua:138]: LS  language: en-us
[20:32:01.736][info] [#0:script/workspace/workspace.lua:39]: Workspace init root: 	file:///home/stanoira/Documents/Vscode/Github/EDA/Level3
[20:32:01.737][info] [#0:script/workspace/workspace.lua:43]: Log path: 	/home/stanoira/.local/share/nvim/lsp_servers/sumneko_lua/extension/server/log/file_home_stanoira_Documents_Vscode_Github_EDA_Level3.log
[20:32:01.737][info] [#0:script/workspace/workspace.lua:49]: Workspace create: 	file:///home/stanoira/Documents/Vscode/Github/EDA/Level3
[20:32:05.839][info] [#0:script/provider/provider.lua:40]: Load config from client	file:///home/stanoira/Documents/Vscode/Github/EDA/Level3
[20:32:05.840][info] [#0:script/provider/provider.lua:41]: {
  Lua = {
    diagnostics = {
      globals = { "vim" }
    },
    telemetry = {
      enable = false
    },
    workspace = {
      library = {
        ["/usr/share/nvim/runtime/lua"] = true,
        ["/usr/share/nvim/runtime/lua/vim/lsp"] = true
      }
    }
  }
}
[20:32:05.840][info] [#0:script/provider/provider.lua:40]: Load config from client	file:///home/stanoira/Documents/Vscode/Github/EDA/Level3
[20:32:05.840][info] [#0:script/provider/provider.lua:41]: {
  Lua = {
    diagnostics = {
      globals = { "vim" }
    },
    telemetry = {
      enable = false
    },
    workspace = {
      library = {
        ["/usr/share/nvim/runtime/lua"] = true,
        ["/usr/share/nvim/runtime/lua/vim/lsp"] = true
      }
    }
  }
}
[20:32:05.840][info] [#0:script/provider/provider.lua:55]: Load config from client	fallback
[20:32:05.840][info] [#0:script/provider/provider.lua:56]: {
  Lua = {
    diagnostics = {
      globals = { "vim" }
    },
    telemetry = {
      enable = false
    },
    workspace = {
      library = {
        ["/usr/share/nvim/runtime/lua"] = true,
        ["/usr/share/nvim/runtime/lua/vim/lsp"] = true
      }
    }
  }
}
[20:32:05.840][info] [#0:script/library.lua:207]: Init builtin library at:	nil
[20:32:05.850][info] [#0:script/library.lua:207]: Init builtin library at:	file:///home/stanoira/Documents/Vscode/Github/EDA/Level3
[20:32:05.861][info] [#0:script/plugin.lua:80]: plugin path:	nil
[20:32:05.861][info] [#0:script/plugin.lua:80]: plugin path:	nil
[20:32:05.861][info] [#0:script/provider/provider.lua:55]: Load config from client	fallback
[20:32:05.861][info] [#0:script/provider/provider.lua:56]: {
  Lua = {
    diagnostics = {
      globals = { "vim" }
    },
    telemetry = {
      enable = false
    },
    workspace = {
      library = {
        ["/usr/share/nvim/runtime/lua"] = true,
        ["/usr/share/nvim/runtime/lua/vim/lsp"] = true
      }
    }
  }
}
[20:32:05.862][info] [#0:script/workspace/workspace.lua:285]: Preload start:	file:///home/stanoira/Documents/Vscode/Github/EDA/Level3
[20:32:05.863][info] [#0:script/workspace/workspace.lua:291]: Scan files at:	file:///home/stanoira/Documents/Vscode/Github/EDA/Level3
[20:32:05.863][info] [#0:script/workspace/workspace.lua:285]: Preload start:	<fallback>
[20:32:05.864][info] [#0:script/workspace/workspace.lua:307]: Scan library at:	file:///home/stanoira/.local/share/nvim/lsp_servers/sumneko_lua/extension/server/meta/Lua%205.4%20en-us%20utf8
[20:32:05.868][info] [#0:script/workspace/workspace.lua:307]: Scan library at:	file:///usr/share/nvim/runtime/lua
[20:32:05.873][info] [#0:script/workspace/workspace.lua:307]: Scan library at:	file:///usr/share/nvim/runtime/lua/vim/lsp
[20:32:05.882][info] [#0:script/workspace/workspace.lua:307]: Scan library at:	file:///home/stanoira/.local/share/nvim/lsp_servers/sumneko_lua/extension/server/meta/Lua%205.4%20en-us%20utf8
[20:32:05.883][info] [#0:script/workspace/workspace.lua:307]: Scan library at:	file:///usr/share/nvim/runtime/lua
[20:32:05.885][info] [#0:script/workspace/workspace.lua:307]: Scan library at:	file:///usr/share/nvim/runtime/lua/vim/lsp
[20:32:07.207][info] [#0:script/provider/provider.lua:167]: Server shutdown.
[20:32:07.208][info] [#0:script/workspace/workspace.lua:327]: Found 57 files at:	<fallback>
[20:32:07.208][info] [#0:script/workspace/loading.lua:152]: Load files from disk:	<fallback>
[20:32:07.208][info] [#0:script/workspace/workspace.lua:327]: Found 57 files at:	file:///home/stanoira/Documents/Vscode/Github/EDA/Level3
[20:32:07.208][info] [#0:script/workspace/loading.lua:152]: Load files from disk:	file:///home/stanoira/Documents/Vscode/Github/EDA/Level3
[20:32:07.208][info] [#0:script/provider/provider.lua:160]: Server exited.
